# JRE version: OpenJDK Runtime Environment Corretto-17.0.14.7.1 (17.0.14+7) (build 17.0.14+7-LTS)
# Java VM: OpenJDK 64-Bit Server VM Corretto-17.0.14.7.1 (17.0.14+7-LTS, mixed mode, sharing, tiered, compressed oops, compressed class ptrs, g1 gc, linux-amd64)
GC Precious Log:
 CPUs: 12 total, 12 available
 Memory: 15356M
 Large Page Support: Disabled
 NUMA Support: Disabled
 Compressed Oops: Enabled (Zero based)
 Heap Region Size: 2M
 Heap Min Capacity: 8M
 Heap Initial Capacity: 240M
 Heap Max Capacity: 3840M
 Pre-touch: Disabled
 Parallel Workers: 10
 Concurrent Workers: 3
 Concurrent Refinement Workers: 10
 Periodic GC: Disabled
Heap:
 garbage-first heap   total 73728K, used 54969K [0x0000000710000000, 0x0000000800000000)
  region size 2048K, 21 young (43008K), 3 survivors (6144K)
 Metaspace       used 31285K, committed 31680K, reserved 1114112K
  class space    used 3711K, committed 3904K, reserved 1048576K
GC Heap History (15 events):
Event: 0.475 GC heap before
{Heap before GC invocations=0 (full 0):
 garbage-first heap   total 249856K, used 24496K [0x0000000710000000, 0x0000000800000000)
  region size 2048K, 11 young (22528K), 0 survivors (0K)
 Metaspace       used 5811K, committed 5952K, reserved 1114112K
  class space    used 691K, committed 768K, reserved 1048576K
}
Event: 0.480 GC heap after
{Heap after GC invocations=1 (full 0):
 garbage-first heap   total 249856K, used 5304K [0x0000000710000000, 0x0000000800000000)
  region size 2048K, 2 young (4096K), 2 survivors (4096K)
 Metaspace       used 5811K, committed 5952K, reserved 1114112K
  class space    used 691K, committed 768K, reserved 1048576K
}
Event: 1.073 GC heap before
{Heap before GC invocations=1 (full 0):
 garbage-first heap   total 249856K, used 46264K [0x0000000710000000, 0x0000000800000000)
  region size 2048K, 22 young (45056K), 2 survivors (4096K)
 Metaspace       used 11911K, committed 12160K, reserved 1114112K
  class space    used 1473K, committed 1600K, reserved 1048576K
}
Event: 1.081 GC heap after
{Heap after GC invocations=2 (full 0):
 garbage-first heap   total 249856K, used 7794K [0x0000000710000000, 0x0000000800000000)
  region size 2048K, 2 young (4096K), 2 survivors (4096K)
 Metaspace       used 11911K, committed 12160K, reserved 1114112K
  class space    used 1473K, committed 1600K, reserved 1048576K
}
Event: 1.961 GC heap before
{Heap before GC invocations=2 (full 0):
 garbage-first heap   total 249856K, used 75378K [0x0000000710000000, 0x0000000800000000)
  region size 2048K, 36 young (73728K), 2 survivors (4096K)
 Metaspace       used 21209K, committed 21504K, reserved 1114112K
  class space    used 2596K, committed 2752K, reserved 1048576K
}
Event: 1.973 GC heap after
{Heap after GC invocations=3 (full 0):
 garbage-first heap   total 249856K, used 12915K [0x0000000710000000, 0x0000000800000000)
  region size 2048K, 4 young (8192K), 4 survivors (8192K)
 Metaspace       used 21209K, committed 21504K, reserved 1114112K
  class space    used 2596K, committed 2752K, reserved 1048576K
}
Event: 2.385 GC heap before
{Heap before GC invocations=4 (full 0):
 garbage-first heap   total 61440K, used 41587K [0x0000000710000000, 0x0000000800000000)
  region size 2048K, 18 young (36864K), 4 survivors (8192K)
 Metaspace       used 26652K, committed 27008K, reserved 1114112K
  class space    used 3208K, committed 3392K, reserved 1048576K
}
Event: 2.396 GC heap after
{Heap after GC invocations=5 (full 0):
 garbage-first heap   total 61440K, used 15715K [0x0000000710000000, 0x0000000800000000)
  region size 2048K, 2 young (4096K), 2 survivors (4096K)
 Metaspace       used 26652K, committed 27008K, reserved 1114112K
  class space    used 3208K, committed 3392K, reserved 1048576K
}
Event: 2.411 GC heap before
{Heap before GC invocations=5 (full 0):
 garbage-first heap   total 61440K, used 17763K [0x0000000710000000, 0x0000000800000000)
  region size 2048K, 3 young (6144K), 2 survivors (4096K)
 Metaspace       used 26680K, committed 27008K, reserved 1114112K
  class space    used 3210K, committed 3392K, reserved 1048576K
}
Event: 2.417 GC heap after
{Heap after GC invocations=6 (full 0):
 garbage-first heap   total 73728K, used 14892K [0x0000000710000000, 0x0000000800000000)
  region size 2048K, 1 young (2048K), 1 survivors (2048K)
 Metaspace       used 26680K, committed 27008K, reserved 1114112K
  class space    used 3210K, committed 3392K, reserved 1048576K
}
Event: 2.658 GC heap before
{Heap before GC invocations=6 (full 0):
 garbage-first heap   total 73728K, used 47660K [0x0000000710000000, 0x0000000800000000)
  region size 2048K, 18 young (36864K), 1 survivors (2048K)
 Metaspace       used 28018K, committed 28352K, reserved 1114112K
  class space    used 3317K, committed 3456K, reserved 1048576K
}
Event: 2.661 GC heap after
{Heap after GC invocations=7 (full 0):
 garbage-first heap   total 73728K, used 16100K [0x0000000710000000, 0x0000000800000000)
  region size 2048K, 1 young (2048K), 1 survivors (2048K)
 Metaspace       used 28018K, committed 28352K, reserved 1114112K
  class space    used 3317K, committed 3456K, reserved 1048576K
}
Event: 3.160 GC heap before
{Heap before GC invocations=7 (full 0):
 garbage-first heap   total 73728K, used 50916K [0x0000000710000000, 0x0000000800000000)
  region size 2048K, 19 young (38912K), 1 survivors (2048K)
 Metaspace       used 30328K, committed 30720K, reserved 1114112K
  class space    used 3660K, committed 3840K, reserved 1048576K
}
Event: 3.165 GC heap after
{Heap after GC invocations=8 (full 0):
 garbage-first heap   total 73728K, used 18105K [0x0000000710000000, 0x0000000800000000)
  region size 2048K, 2 young (4096K), 2 survivors (4096K)
 Metaspace       used 30328K, committed 30720K, reserved 1114112K
  class space    used 3660K, committed 3840K, reserved 1048576K
}
Event: 3.484 GC heap before
{Heap before GC invocations=8 (full 0):
 garbage-first heap   total 73728K, used 54969K [0x0000000710000000, 0x0000000800000000)
  region size 2048K, 20 young (40960K), 2 survivors (4096K)
 Metaspace       used 31285K, committed 31680K, reserved 1114112K
  class space    used 3711K, committed 3904K, reserved 1048576K
}

