# JRE version: OpenJDK Runtime Environment (24.0.1) (build 24.0.1)
# Java VM: OpenJDK 64-Bit Server VM (24.0.1, mixed mode, sharing, tiered, compressed oops, compressed class ptrs, g1 gc, linux-amd64)
GC Precious Log:
 CardTable entry size: 512
 Card Set container configuration: InlinePtr #cards 4 size 8 Array Of Cards #cards 16 size 48 Howl #buckets 8 coarsen threshold 3686 Howl Bitmap #cards 512 size 80 coarsen threshold 460 Card regions per heap region 1 cards per card region 4096
 CPUs: 12 total, 12 available
 Memory: 15356M
 Large Page Support: Disabled
 NUMA Support: Disabled
 Compressed Oops: Enabled (Zero based)
 Heap Region Size: 2M
 Heap Min Capacity: 8M
 Heap Initial Capacity: 240M
 Heap Max Capacity: 3840M
 Pre-touch: Disabled
 Parallel Workers: 10
 Concurrent Workers: 3
 Concurrent Refinement Workers: 10
 Periodic GC: Disabled
Heap:
 garbage-first heap   total reserved 3932160K, committed 129024K, used 66781K [0x0000000710000000, 0x0000000800000000)
  region size 2048K, 5 young (10240K), 4 survivors (8192K)
 Metaspace       used 36278K, committed 36736K, reserved 1114112K
  class space    used 3586K, committed 3840K, reserved 1048576K
GC Heap History (20 events):
Event: 3.169 GC heap before
{Heap before GC invocations=6 (full 0):
 garbage-first heap   total reserved 3932160K, committed 79872K, used 56313K [0x0000000710000000, 0x0000000800000000)
  region size 2048K, 21 young (43008K), 3 survivors (6144K)
 Metaspace       used 30965K, committed 31360K, reserved 1114112K
  class space    used 3106K, committed 3264K, reserved 1048576K
}
Event: 3.175 GC heap after
{Heap after GC invocations=7 (full 0):
 garbage-first heap   total reserved 3932160K, committed 79872K, used 25625K [0x0000000710000000, 0x0000000800000000)
  region size 2048K, 3 young (6144K), 3 survivors (6144K)
 Metaspace       used 30965K, committed 31360K, reserved 1114112K
  class space    used 3106K, committed 3264K, reserved 1048576K
}
Event: 3.582 GC heap before
{Heap before GC invocations=7 (full 0):
 garbage-first heap   total reserved 3932160K, committed 79872K, used 58393K [0x0000000710000000, 0x0000000800000000)
  region size 2048K, 20 young (40960K), 3 survivors (6144K)
 Metaspace       used 32008K, committed 32384K, reserved 1114112K
  class space    used 3167K, committed 3328K, reserved 1048576K
}
Event: 3.587 GC heap after
{Heap after GC invocations=8 (full 0):
 garbage-first heap   total reserved 3932160K, committed 79872K, used 32576K [0x0000000710000000, 0x0000000800000000)
  region size 2048K, 3 young (6144K), 3 survivors (6144K)
 Metaspace       used 32008K, committed 32384K, reserved 1114112K
  class space    used 3167K, committed 3328K, reserved 1048576K
}
Event: 3.666 GC heap before
{Heap before GC invocations=8 (full 0):
 garbage-first heap   total reserved 3932160K, committed 79872K, used 59200K [0x0000000710000000, 0x0000000800000000)
  region size 2048K, 17 young (34816K), 3 survivors (6144K)
 Metaspace       used 32170K, committed 32576K, reserved 1114112K
  class space    used 3167K, committed 3328K, reserved 1048576K
}
Event: 3.669 GC heap after
{Heap after GC invocations=9 (full 0):
 garbage-first heap   total reserved 3932160K, committed 79872K, used 30856K [0x0000000710000000, 0x0000000800000000)
  region size 2048K, 1 young (2048K), 1 survivors (2048K)
 Metaspace       used 32170K, committed 32576K, reserved 1114112K
  class space    used 3167K, committed 3328K, reserved 1048576K
}
Event: 3.924 GC heap before
{Heap before GC invocations=9 (full 0):
 garbage-first heap   total reserved 3932160K, committed 79872K, used 61576K [0x0000000710000000, 0x0000000800000000)
  region size 2048K, 16 young (32768K), 1 survivors (2048K)
 Metaspace       used 34580K, committed 34944K, reserved 1114112K
  class space    used 3451K, committed 3584K, reserved 1048576K
}
Event: 3.928 GC heap after
{Heap after GC invocations=10 (full 0):
 garbage-first heap   total reserved 3932160K, committed 96256K, used 32298K [0x0000000710000000, 0x0000000800000000)
  region size 2048K, 2 young (4096K), 2 survivors (4096K)
 Metaspace       used 34580K, committed 34944K, reserved 1114112K
  class space    used 3451K, committed 3584K, reserved 1048576K
}
Event: 4.192 GC heap before
{Heap before GC invocations=10 (full 0):
 garbage-first heap   total reserved 3932160K, committed 96256K, used 77354K [0x0000000710000000, 0x0000000800000000)
  region size 2048K, 24 young (49152K), 2 survivors (4096K)
 Metaspace       used 35246K, committed 35648K, reserved 1114112K
  class space    used 3502K, committed 3648K, reserved 1048576K
}
Event: 4.199 GC heap after
{Heap after GC invocations=11 (full 0):
 garbage-first heap   total reserved 3932160K, committed 96256K, used 36466K [0x0000000710000000, 0x0000000800000000)
  region size 2048K, 3 young (6144K), 3 survivors (6144K)
 Metaspace       used 35246K, committed 35648K, reserved 1114112K
  class space    used 3502K, committed 3648K, reserved 1048576K
}
Event: 4.623 GC heap before
{Heap before GC invocations=11 (full 0):
 garbage-first heap   total reserved 3932160K, committed 96256K, used 83570K [0x0000000710000000, 0x0000000800000000)
  region size 2048K, 24 young (49152K), 3 survivors (6144K)
 Metaspace       used 35447K, committed 35840K, reserved 1114112K
  class space    used 3521K, committed 3712K, reserved 1048576K
}
Event: 4.635 GC heap after
{Heap after GC invocations=12 (full 0):
 garbage-first heap   total reserved 3932160K, committed 102400K, used 53183K [0x0000000710000000, 0x0000000800000000)
  region size 2048K, 3 young (6144K), 3 survivors (6144K)
 Metaspace       used 35447K, committed 35840K, reserved 1114112K
  class space    used 3521K, committed 3712K, reserved 1048576K
}
Event: 4.749 GC heap before
{Heap before GC invocations=12 (full 0):
 garbage-first heap   total reserved 3932160K, committed 102400K, used 59327K [0x0000000710000000, 0x0000000800000000)
  region size 2048K, 7 young (14336K), 3 survivors (6144K)
 Metaspace       used 35447K, committed 35840K, reserved 1114112K
  class space    used 3521K, committed 3712K, reserved 1048576K
}
Event: 4.754 GC heap after
{Heap after GC invocations=13 (full 0):
 garbage-first heap   total reserved 3932160K, committed 102400K, used 54464K [0x0000000710000000, 0x0000000800000000)
  region size 2048K, 1 young (2048K), 1 survivors (2048K)
 Metaspace       used 35447K, committed 35840K, reserved 1114112K
  class space    used 3521K, committed 3712K, reserved 1048576K
}
Event: 5.241 GC heap before
{Heap before GC invocations=14 (full 0):
 garbage-first heap   total reserved 3932160K, committed 106496K, used 95424K [0x0000000710000000, 0x0000000800000000)
  region size 2048K, 17 young (34816K), 1 survivors (2048K)
 Metaspace       used 35531K, committed 36032K, reserved 1114112K
  class space    used 3525K, committed 3776K, reserved 1048576K
}
Event: 5.248 GC heap after
{Heap after GC invocations=15 (full 0):
 garbage-first heap   total reserved 3932160K, committed 106496K, used 67101K [0x0000000710000000, 0x0000000800000000)
  region size 2048K, 3 young (6144K), 3 survivors (6144K)
 Metaspace       used 35531K, committed 36032K, reserved 1114112K
  class space    used 3525K, committed 3776K, reserved 1048576K
}
Event: 5.324 GC heap before
{Heap before GC invocations=15 (full 0):
 garbage-first heap   total reserved 3932160K, committed 106496K, used 91677K [0x0000000710000000, 0x0000000800000000)
  region size 2048K, 15 young (30720K), 3 survivors (6144K)
 Metaspace       used 35577K, committed 36096K, reserved 1114112K
  class space    used 3527K, committed 3776K, reserved 1048576K
}
Event: 5.333 GC heap after
{Heap after GC invocations=16 (full 0):
 garbage-first heap   total reserved 3932160K, committed 129024K, used 58760K [0x0000000710000000, 0x0000000800000000)
  region size 2048K, 1 young (2048K), 1 survivors (2048K)
 Metaspace       used 35577K, committed 36096K, reserved 1114112K
  class space    used 3527K, committed 3776K, reserved 1048576K
}
Event: 5.640 GC heap before
{Heap before GC invocations=16 (full 0):
 garbage-first heap   total reserved 3932160K, committed 129024K, used 107912K [0x0000000710000000, 0x0000000800000000)
  region size 2048K, 25 young (51200K), 1 survivors (2048K)
 Metaspace       used 36228K, committed 36736K, reserved 1114112K
  class space    used 3581K, committed 3840K, reserved 1048576K
}
Event: 5.652 GC heap after
{Heap after GC invocations=17 (full 0):
 garbage-first heap   total reserved 3932160K, committed 129024K, used 66781K [0x0000000710000000, 0x0000000800000000)
  region size 2048K, 4 young (8192K), 4 survivors (8192K)
 Metaspace       used 36228K, committed 36736K, reserved 1114112K
  class space    used 3581K, committed 3840K, reserved 1048576K
}

